<?xml version="1.0" encoding="UTF-8"?>

<beans xmlns="http://www.springframework.org/schema/beans" 
        xmlns:xsi="http://www.w3.org/2001/XMLSchema-instance"
        xmlns:aop="http://www.springframework.org/schema/aop"
        xmlns:context="http://www.springframework.org/schema/context"           
        xmlns:tx="http://www.springframework.org/schema/tx"       	
       	xmlns:jee="http://www.springframework.org/schema/jee"
        xsi:schemaLocation="http://www.springframework.org/schema/beans 
        http://www.springframework.org/schema/beans/spring-beans-3.0.xsd
 	    http://www.springframework.org/schema/context
 	    http://www.springframework.org/schema/context/spring-context.xsd           
        http://www.springframework.org/schema/aop 
        http://www.springframework.org/schema/aop/spring-aop-3.0.xsd        
        http://www.springframework.org/schema/tx 
        http://www.springframework.org/schema/tx/spring-tx-3.0.xsd        
		http://www.springframework.org/schema/jee
		http://www.springframework.org/schema/jee/spring-jee.xsd"> 

    <!-- the test application context definition for the JPA based tests --> 

    <bean id="productManager" class="org.jboss.spring.tutorial.service.SimpleProductManager">
        <property name="productDao" ref="productDao"/>
    </bean>    
    
    <bean id="productDao" class="org.jboss.spring.tutorial.repo.JpaProductDao"/>
    
    <bean id="dataSource" class="org.apache.commons.dbcp.BasicDataSource" destroy-method="close">
		<property name="driverClassName" value="${jdbc.driverClassName}"/>
		<property name="url" value="${jdbc.url}"/>
		<property name="username" value="${jdbc.username}"/>
		<property name="password" value="${jdbc.password}"/>
	</bean>
    
    
    <bean id="entityManagerFactory" class="org.springframework.orm.jpa.LocalContainerEntityManagerFactoryBean">
		<property name="jpaDialect">
			<bean class="org.springframework.orm.jpa.vendor.HibernateJpaDialect"/>
		</property>
		<property name="jpaVendorAdapter">
			<bean class="org.springframework.orm.jpa.vendor.HibernateJpaVendorAdapter">
				<property name="database" value="HSQL"/>
				<property name="generateDdl" value="true"/>
			</bean>
		</property>
		<property name="persistenceXmlLocation" value="classpath*:META-INF/local-persistence.xml"/>
		<property name="dataSource" ref="dataSource"/>
	</bean>

    <bean class="org.springframework.orm.jpa.support.PersistenceAnnotationBeanPostProcessor"/>
	
	<bean id="transactionManager" class="org.springframework.orm.jpa.JpaTransactionManager">
		<property name="entityManagerFactory" ref="entityManagerFactory"/>
	</bean>
	
	<tx:annotation-driven />
	
    <bean id="propertyConfigurer" 
          class="org.springframework.beans.factory.config.PropertyPlaceholderConfigurer">
        <property name="locations">
            <list>
                <value>classpath:jdbc.properties</value>
            </list>
        </property>
    </bean>

</beans>